<?xml version="1.0" encoding="UTF-8"?>
<!-- Generated by org.testng.reporters.JUnitReportReporter -->
<testsuite hostname="sai" name="pageclasstestcases.POM_Registration_Testcase" tests="1" failures="0" timestamp="29 Jul 2017 03:25:01 GMT" time="34.627" errors="0">
  <testcase name="registrationTest" time="34.627" classname="pageclasstestcases.POM_Registration_Testcase"/>
</testsuite> <!-- pageclasstestcases.POM_Registration_Testcase -->
