<?xml version="1.0" encoding="UTF-8"?>
<!-- Generated by org.testng.reporters.JUnitReportReporter -->
<testsuite hostname="DESKTOP-89G1K5A" name="grid.OrangehrmLogin" tests="1" failures="0" timestamp="13 Jul 2017 03:24:46 GMT" time="16.146" errors="0">
  <testcase name="loginTest" time="16.146" classname="grid.OrangehrmLogin"/>
</testsuite> <!-- grid.OrangehrmLogin -->
