<?xml version="1.0" encoding="UTF-8"?>
<!-- Generated by org.testng.reporters.JUnitReportReporter -->
<testsuite hostname="sai" name="pageclasstestcases.POMLoginTestCase" tests="1" failures="0" timestamp="28 Jul 2017 03:25:16 GMT" time="29.020" errors="0">
  <testcase name="loginTest" time="29.020" classname="pageclasstestcases.POMLoginTestCase"/>
</testsuite> <!-- pageclasstestcases.POMLoginTestCase -->
