<?xml version="1.0" encoding="UTF-8"?>
<!-- Generated by org.testng.reporters.JUnitReportReporter -->
<testsuite hostname="DESKTOP-89G1K5A" name="grid.CloudTesting" tests="3" failures="0" timestamp="20 Jul 2017 03:24:31 GMT" time="987.218" errors="0">
  <testcase name="dropdownTest" time="334.329" classname="grid.CloudTesting"/>
  <testcase name="dropdownTest" time="321.176" classname="grid.CloudTesting"/>
  <testcase name="dropdownTest" time="331.713" classname="grid.CloudTesting"/>
</testsuite> <!-- grid.CloudTesting -->
