<?xml version="1.0" encoding="UTF-8"?>
<!-- Generated by org.testng.reporters.JUnitReportReporter -->
<testsuite hostname="DESKTOP-89G1K5A" name="container.Dropdown" tests="2" failures="0" timestamp="12 Jul 2017 06:01:15 GMT" time="106.329" errors="0">
  <testcase name="dropdownTest" time="48.310" classname="container.Dropdown"/>
  <testcase name="dropdownTest" time="58.019" classname="container.Dropdown"/>
</testsuite> <!-- container.Dropdown -->
